ISim log file
<<<<<<< HEAD
Running: C:\Users\PC157\Desktop\Phil Seb VHDL\Calculator-Not-Integers\TestDesignTop_isim_beh.exe -intstyle ise -gui -tclbatch isim.cmd -wdb C:/Users/PC157/Desktop/Phil Seb VHDL/Calculator-Not-Integers/TestDesignTop_isim_beh.wdb 
ISim P.20131013 (signature 0x8ef4fb42)
----------------------------------------------------------------------
INFO:Security:50 - The XILINXD_LICENSE_FILE environment variable is set to '2100@flexlm3.eps.surrey.ac.uk'.
INFO:Security:52 - The LM_LICENSE_FILE environment variable is set to '2100@flexlm3.eps.surrey.ac.uk'.
WARNING:Security:43 - No license file was found in the standard Xilinx license directory.
WARNING:Security:44 - Since no license file was found,
       please run the Xilinx License Configuration Manager
       (xlcm or "Manage Xilinx Licenses")
       to assist in obtaining a license.
WARNING:Security:42 - Your software subscription period has lapsed. Your current version of Xilinx tools will continue to function, but you no longer qualify for Xilinx software updates or new releases.


----------------------------------------------------------------------
This is a Full version of ISim.
=======
Running: C:\Users\seb\Documents\GitHub\Calculator\testbench_isim_beh.exe -intstyle ise -gui -tclbatch isim.cmd -wdb C:/Users/seb/Documents/GitHub/Calculator/testbench_isim_beh.wdb 
ISim P.20131013 (signature 0x7708f090)
WARNING: A WEBPACK license was found.
WARNING: Please use Xilinx License Configuration Manager to check out a full ISim license.
WARNING: ISim will run in Lite mode. Please refer to the ISim documentation for more information on the differences between the Lite and the Full version.
This is a Lite version of ISim.
>>>>>>> origin/Not-Integers
Time resolution is 1 ps
# onerror resume
# wave add /
# run 1000 ns
Simulator is doing circuit initialization process.
Finished circuit initialization process.
# restart
# run 1.00us
Simulator is doing circuit initialization process.
Finished circuit initialization process.
